<?xml version="1.0" encoding="UTF-8"?>
<testng-results ignored="0" total="1" passed="1" failed="0" skipped="0">
  <reporter-output>
  </reporter-output>
  <suite started-at="2021-07-13T15:39:42 CEST" name="Default suite" finished-at="2021-07-13T15:40:46 CEST" duration-ms="64095">
    <groups>
    </groups>
    <test started-at="2021-07-13T15:39:42 CEST" name="Default test" finished-at="2021-07-13T15:40:46 CEST" duration-ms="64095">
      <class name="com.competella.qaframework.R3LoginTestCase">
        <test-method is-config="true" signature="setUp()[pri:0, instance:com.competella.qaframework.R3LoginTestCase@22e357dc]" started-at="2021-07-13T15:39:42 CEST" name="setUp" finished-at="2021-07-13T15:39:49 CEST" duration-ms="6735" status="PASS">
          <reporter-output>
          </reporter-output>
        </test-method> <!-- setUp -->
        <test-method signature="loginTest()[pri:0, instance:com.competella.qaframework.R3LoginTestCase@22e357dc]" started-at="2021-07-13T15:39:49 CEST" name="loginTest" finished-at="2021-07-13T15:40:45 CEST" duration-ms="56499" status="PASS">
          <reporter-output>
          </reporter-output>
        </test-method> <!-- loginTest -->
        <test-method is-config="true" signature="tearDown()[pri:0, instance:com.competella.qaframework.R3LoginTestCase@22e357dc]" started-at="2021-07-13T15:40:45 CEST" name="tearDown" finished-at="2021-07-13T15:40:46 CEST" duration-ms="834" status="PASS">
          <reporter-output>
          </reporter-output>
        </test-method> <!-- tearDown -->
      </class> <!-- com.competella.qaframework.R3LoginTestCase -->
    </test> <!-- Default test -->
  </suite> <!-- Default suite -->
</testng-results>
